[16-Dec-2020 15:11:01 UTC] PHP Fatal error:  Cannot use App\Models\Thread as Thread because the name is already in use in /web/laravel/app/Http/Controllers/IndexController.php on line 8
[16-Dec-2020 15:11:01 UTC] PHP Stack trace:
[16-Dec-2020 15:11:01 UTC] PHP   1. {main}() /web/laravel/public/index.php:0
[16-Dec-2020 15:11:01 UTC] PHP   2. App\Http\Kernel->handle() /web/laravel/public/index.php:52
[16-Dec-2020 15:11:01 UTC] PHP   3. App\Http\Kernel->sendRequestThroughRouter() /web/laravel/vendor/laravel/framework/src/Illuminate/Foundation/Http/Kernel.php:110
[16-Dec-2020 15:11:01 UTC] PHP   4. Illuminate\Routing\Pipeline->then() /web/laravel/vendor/laravel/framework/src/Illuminate/Foundation/Http/Kernel.php:141
[16-Dec-2020 15:11:01 UTC] PHP   5. Illuminate\Routing\Pipeline->Illuminate\Pipeline\{closure:/web/laravel/vendor/laravel/framework/src/Illuminate/Pipeline/Pipeline.php:143-174}() /web/laravel/vendor/laravel/framework/src/Illuminate/Pipeline/Pipeline.php:103
[16-Dec-2020 15:11:01 UTC] PHP   6. App\Http\Middleware\TrustProxies->handle() /web/laravel/vendor/laravel/framework/src/Illuminate/Pipeline/Pipeline.php:167
[16-Dec-2020 15:11:01 UTC] PHP   7. Illuminate\Routing\Pipeline->Illuminate\Pipeline\{closure:/web/laravel/vendor/laravel/framework/src/Illuminate/Pipeline/Pipeline.php:143-174}() /web/laravel/vendor/fideloper/proxy/src/TrustProxies.php:57
[16-Dec-2020 15:11:01 UTC] PHP   8. Fruitcake\Cors\HandleCors->handle() /web/laravel/vendor/laravel/framework/src/Illuminate/Pipeline/Pipeline.php:167
[16-Dec-2020 15:11:01 UTC] PHP   9. Illuminate\Routing\Pipeline->Illuminate\Pipeline\{closure:/web/laravel/vendor/laravel/framework/src/Illuminate/Pipeline/Pipeline.php:143-174}() /web/laravel/vendor/fruitcake/laravel-cors/src/HandleCors.php:37
[16-Dec-2020 15:11:01 UTC] PHP  10. App\Http\Middleware\PreventRequestsDuringMaintenance->handle() /web/laravel/vendor/laravel/framework/src/Illuminate/Pipeline/Pipeline.php:167
[16-Dec-2020 15:11:01 UTC] PHP  11. Illuminate\Routing\Pipeline->Illuminate\Pipeline\{closure:/web/laravel/vendor/laravel/framework/src/Illuminate/Pipeline/Pipeline.php:143-174}() /web/laravel/vendor/laravel/framework/src/Illuminate/Foundation/Http/Middleware/PreventRequestsDuringMaintenance.php:87
[16-Dec-2020 15:11:01 UTC] PHP  12. Illuminate\Foundation\Http\Middleware\ValidatePostSize->handle() /web/laravel/vendor/laravel/framework/src/Illuminate/Pipeline/Pipeline.php:167
[16-Dec-2020 15:11:01 UTC] PHP  13. Illuminate\Routing\Pipeline->Illuminate\Pipeline\{closure:/web/laravel/vendor/laravel/framework/src/Illuminate/Pipeline/Pipeline.php:143-174}() /web/laravel/vendor/laravel/framework/src/Illuminate/Foundation/Http/Middleware/ValidatePostSize.php:27
[16-Dec-2020 15:11:01 UTC] PHP  14. App\Http\Middleware\TrimStrings->handle() /web/laravel/vendor/laravel/framework/src/Illuminate/Pipeline/Pipeline.php:167
[16-Dec-2020 15:11:01 UTC] PHP  15. Illuminate\Routing\Pipeline->Illuminate\Pipeline\{closure:/web/laravel/vendor/laravel/framework/src/Illuminate/Pipeline/Pipeline.php:143-174}() /web/laravel/vendor/laravel/framework/src/Illuminate/Foundation/Http/Middleware/TransformsRequest.php:21
[16-Dec-2020 15:11:01 UTC] PHP  16. Illuminate\Foundation\Http\Middleware\ConvertEmptyStringsToNull->handle() /web/laravel/vendor/laravel/framework/src/Illuminate/Pipeline/Pipeline.php:167
[16-Dec-2020 15:11:01 UTC] PHP  17. Illuminate\Routing\Pipeline->Illuminate\Pipeline\{closure:/web/laravel/vendor/laravel/framework/src/Illuminate/Pipeline/Pipeline.php:126-132}() /web/laravel/vendor/laravel/framework/src/Illuminate/Foundation/Http/Middleware/TransformsRequest.php:21
[16-Dec-2020 15:11:01 UTC] PHP  18. App\Http\Kernel->Illuminate\Foundation\Http\{closure:/web/laravel/vendor/laravel/framework/src/Illuminate/Foundation/Http/Kernel.php:163-167}() /web/laravel/vendor/laravel/framework/src/Illuminate/Pipeline/Pipeline.php:128
[16-Dec-2020 15:11:01 UTC] PHP  19. Illuminate\Routing\Router->dispatch() /web/laravel/vendor/laravel/framework/src/Illuminate/Foundation/Http/Kernel.php:166
[16-Dec-2020 15:11:01 UTC] PHP  20. Illuminate\Routing\Router->dispatchToRoute() /web/laravel/vendor/laravel/framework/src/Illuminate/Routing/Router.php:624
[16-Dec-2020 15:11:01 UTC] PHP  21. Illuminate\Routing\Router->runRoute() /web/laravel/vendor/laravel/framework/src/Illuminate/Routing/Router.php:635
[16-Dec-2020 15:11:01 UTC] PHP  22. Illuminate\Routing\Router->runRouteWithinStack() /web/laravel/vendor/laravel/framework/src/Illuminate/Routing/Router.php:669
[16-Dec-2020 15:11:01 UTC] PHP  23. Illuminate\Routing\Router->gatherRouteMiddleware() /web/laravel/vendor/laravel/framework/src/Illuminate/Routing/Router.php:685
[16-Dec-2020 15:11:01 UTC] PHP  24. Illuminate\Routing\Route->gatherMiddleware() /web/laravel/vendor/laravel/framework/src/Illuminate/Routing/Router.php:709
[16-Dec-2020 15:11:01 UTC] PHP  25. Illuminate\Routing\Route->controllerMiddleware() /web/laravel/vendor/laravel/framework/src/Illuminate/Routing/Route.php:950
[16-Dec-2020 15:11:01 UTC] PHP  26. Illuminate\Routing\Route->getController() /web/laravel/vendor/laravel/framework/src/Illuminate/Routing/Route.php:989
[16-Dec-2020 15:11:01 UTC] PHP  27. Illuminate\Foundation\Application->make() /web/laravel/vendor/laravel/framework/src/Illuminate/Routing/Route.php:268
[16-Dec-2020 15:11:01 UTC] PHP  28. Illuminate\Foundation\Application->make() /web/laravel/vendor/laravel/framework/src/Illuminate/Foundation/Application.php:781
[16-Dec-2020 15:11:01 UTC] PHP  29. Illuminate\Foundation\Application->resolve() /web/laravel/vendor/laravel/framework/src/Illuminate/Container/Container.php:651
[16-Dec-2020 15:11:01 UTC] PHP  30. Illuminate\Foundation\Application->resolve() /web/laravel/vendor/laravel/framework/src/Illuminate/Foundation/Application.php:796
[16-Dec-2020 15:11:01 UTC] PHP  31. Illuminate\Foundation\Application->build() /web/laravel/vendor/laravel/framework/src/Illuminate/Container/Container.php:712
[16-Dec-2020 15:11:01 UTC] PHP  32. ReflectionClass->__construct() /web/laravel/vendor/laravel/framework/src/Illuminate/Container/Container.php:830
[16-Dec-2020 15:11:01 UTC] PHP  33. spl_autoload_call() /web/laravel/vendor/laravel/framework/src/Illuminate/Container/Container.php:830
[16-Dec-2020 15:11:01 UTC] PHP  34. Composer\Autoload\ClassLoader->loadClass() /web/laravel/vendor/laravel/framework/src/Illuminate/Container/Container.php:830
[16-Dec-2020 15:11:01 UTC] PHP  35. Composer\Autoload\includeFile() /web/laravel/vendor/composer/ClassLoader.php:322
[16-Dec-2020 15:24:32 UTC] PHP Fatal error:  Cannot use App\Models\Thread as Thread because the name is already in use in /web/laravel/app/Http/Controllers/IndexController.php on line 8
[16-Dec-2020 15:24:32 UTC] PHP Stack trace:
[16-Dec-2020 15:24:32 UTC] PHP   1. {main}() /web/laravel/public/index.php:0
[16-Dec-2020 15:24:32 UTC] PHP   2. App\Http\Kernel->handle() /web/laravel/public/index.php:52
[16-Dec-2020 15:24:32 UTC] PHP   3. App\Http\Kernel->sendRequestThroughRouter() /web/laravel/vendor/laravel/framework/src/Illuminate/Foundation/Http/Kernel.php:110
[16-Dec-2020 15:24:32 UTC] PHP   4. Illuminate\Routing\Pipeline->then() /web/laravel/vendor/laravel/framework/src/Illuminate/Foundation/Http/Kernel.php:141
[16-Dec-2020 15:24:32 UTC] PHP   5. Illuminate\Routing\Pipeline->Illuminate\Pipeline\{closure:/web/laravel/vendor/laravel/framework/src/Illuminate/Pipeline/Pipeline.php:143-174}() /web/laravel/vendor/laravel/framework/src/Illuminate/Pipeline/Pipeline.php:103
[16-Dec-2020 15:24:32 UTC] PHP   6. App\Http\Middleware\TrustProxies->handle() /web/laravel/vendor/laravel/framework/src/Illuminate/Pipeline/Pipeline.php:167
[16-Dec-2020 15:24:32 UTC] PHP   7. Illuminate\Routing\Pipeline->Illuminate\Pipeline\{closure:/web/laravel/vendor/laravel/framework/src/Illuminate/Pipeline/Pipeline.php:143-174}() /web/laravel/vendor/fideloper/proxy/src/TrustProxies.php:57
[16-Dec-2020 15:24:32 UTC] PHP   8. Fruitcake\Cors\HandleCors->handle() /web/laravel/vendor/laravel/framework/src/Illuminate/Pipeline/Pipeline.php:167
[16-Dec-2020 15:24:32 UTC] PHP   9. Illuminate\Routing\Pipeline->Illuminate\Pipeline\{closure:/web/laravel/vendor/laravel/framework/src/Illuminate/Pipeline/Pipeline.php:143-174}() /web/laravel/vendor/fruitcake/laravel-cors/src/HandleCors.php:37
[16-Dec-2020 15:24:32 UTC] PHP  10. App\Http\Middleware\PreventRequestsDuringMaintenance->handle() /web/laravel/vendor/laravel/framework/src/Illuminate/Pipeline/Pipeline.php:167
[16-Dec-2020 15:24:32 UTC] PHP  11. Illuminate\Routing\Pipeline->Illuminate\Pipeline\{closure:/web/laravel/vendor/laravel/framework/src/Illuminate/Pipeline/Pipeline.php:143-174}() /web/laravel/vendor/laravel/framework/src/Illuminate/Foundation/Http/Middleware/PreventRequestsDuringMaintenance.php:87
[16-Dec-2020 15:24:32 UTC] PHP  12. Illuminate\Foundation\Http\Middleware\ValidatePostSize->handle() /web/laravel/vendor/laravel/framework/src/Illuminate/Pipeline/Pipeline.php:167
[16-Dec-2020 15:24:32 UTC] PHP  13. Illuminate\Routing\Pipeline->Illuminate\Pipeline\{closure:/web/laravel/vendor/laravel/framework/src/Illuminate/Pipeline/Pipeline.php:143-174}() /web/laravel/vendor/laravel/framework/src/Illuminate/Foundation/Http/Middleware/ValidatePostSize.php:27
[16-Dec-2020 15:24:32 UTC] PHP  14. App\Http\Middleware\TrimStrings->handle() /web/laravel/vendor/laravel/framework/src/Illuminate/Pipeline/Pipeline.php:167
[16-Dec-2020 15:24:32 UTC] PHP  15. Illuminate\Routing\Pipeline->Illuminate\Pipeline\{closure:/web/laravel/vendor/laravel/framework/src/Illuminate/Pipeline/Pipeline.php:143-174}() /web/laravel/vendor/laravel/framework/src/Illuminate/Foundation/Http/Middleware/TransformsRequest.php:21
[16-Dec-2020 15:24:32 UTC] PHP  16. Illuminate\Foundation\Http\Middleware\ConvertEmptyStringsToNull->handle() /web/laravel/vendor/laravel/framework/src/Illuminate/Pipeline/Pipeline.php:167
[16-Dec-2020 15:24:32 UTC] PHP  17. Illuminate\Routing\Pipeline->Illuminate\Pipeline\{closure:/web/laravel/vendor/laravel/framework/src/Illuminate/Pipeline/Pipeline.php:126-132}() /web/laravel/vendor/laravel/framework/src/Illuminate/Foundation/Http/Middleware/TransformsRequest.php:21
[16-Dec-2020 15:24:32 UTC] PHP  18. App\Http\Kernel->Illuminate\Foundation\Http\{closure:/web/laravel/vendor/laravel/framework/src/Illuminate/Foundation/Http/Kernel.php:163-167}() /web/laravel/vendor/laravel/framework/src/Illuminate/Pipeline/Pipeline.php:128
[16-Dec-2020 15:24:32 UTC] PHP  19. Illuminate\Routing\Router->dispatch() /web/laravel/vendor/laravel/framework/src/Illuminate/Foundation/Http/Kernel.php:166
[16-Dec-2020 15:24:32 UTC] PHP  20. Illuminate\Routing\Router->dispatchToRoute() /web/laravel/vendor/laravel/framework/src/Illuminate/Routing/Router.php:624
[16-Dec-2020 15:24:32 UTC] PHP  21. Illuminate\Routing\Router->runRoute() /web/laravel/vendor/laravel/framework/src/Illuminate/Routing/Router.php:635
[16-Dec-2020 15:24:32 UTC] PHP  22. Illuminate\Routing\Router->runRouteWithinStack() /web/laravel/vendor/laravel/framework/src/Illuminate/Routing/Router.php:669
[16-Dec-2020 15:24:32 UTC] PHP  23. Illuminate\Routing\Router->gatherRouteMiddleware() /web/laravel/vendor/laravel/framework/src/Illuminate/Routing/Router.php:685
[16-Dec-2020 15:24:32 UTC] PHP  24. Illuminate\Routing\Route->gatherMiddleware() /web/laravel/vendor/laravel/framework/src/Illuminate/Routing/Router.php:709
[16-Dec-2020 15:24:32 UTC] PHP  25. Illuminate\Routing\Route->controllerMiddleware() /web/laravel/vendor/laravel/framework/src/Illuminate/Routing/Route.php:950
[16-Dec-2020 15:24:32 UTC] PHP  26. Illuminate\Routing\Route->getController() /web/laravel/vendor/laravel/framework/src/Illuminate/Routing/Route.php:989
[16-Dec-2020 15:24:32 UTC] PHP  27. Illuminate\Foundation\Application->make() /web/laravel/vendor/laravel/framework/src/Illuminate/Routing/Route.php:268
[16-Dec-2020 15:24:32 UTC] PHP  28. Illuminate\Foundation\Application->make() /web/laravel/vendor/laravel/framework/src/Illuminate/Foundation/Application.php:781
[16-Dec-2020 15:24:32 UTC] PHP  29. Illuminate\Foundation\Application->resolve() /web/laravel/vendor/laravel/framework/src/Illuminate/Container/Container.php:651
[16-Dec-2020 15:24:32 UTC] PHP  30. Illuminate\Foundation\Application->resolve() /web/laravel/vendor/laravel/framework/src/Illuminate/Foundation/Application.php:796
[16-Dec-2020 15:24:32 UTC] PHP  31. Illuminate\Foundation\Application->build() /web/laravel/vendor/laravel/framework/src/Illuminate/Container/Container.php:712
[16-Dec-2020 15:24:32 UTC] PHP  32. ReflectionClass->__construct() /web/laravel/vendor/laravel/framework/src/Illuminate/Container/Container.php:830
[16-Dec-2020 15:24:32 UTC] PHP  33. spl_autoload_call() /web/laravel/vendor/laravel/framework/src/Illuminate/Container/Container.php:830
[16-Dec-2020 15:24:32 UTC] PHP  34. Composer\Autoload\ClassLoader->loadClass() /web/laravel/vendor/laravel/framework/src/Illuminate/Container/Container.php:830
[16-Dec-2020 15:24:32 UTC] PHP  35. Composer\Autoload\includeFile() /web/laravel/vendor/composer/ClassLoader.php:322
